
SQL*Loader: Release 19.0.0.0.0 - Production on Sun Oct 27 19:32:25 2019
Version 19.3.0.0.0

Copyright (c) 1982, 2019, Oracle and/or its affiliates.  All rights reserved.

Control File:   Customer.ctl
Data File:      Customer.dat
  Bad File:     Customer.bad
  Discard File:  none specified
 
 (Allow all discards)

Number to load: ALL
Number to skip: 0
Errors allowed: 50
Bind array:     250 rows, maximum of 1048576 bytes
Continuation:    none specified
Path used:      Conventional

Table CUSTOMER, loaded from every logical record.
Insert option in effect for this table: APPEND

   Column Name                  Position   Len  Term Encl Datatype
------------------------------ ---------- ----- ---- ---- ---------------------
CUSTID                              FIRST     *   ,  O(") CHARACTER            
                                                      O(")
FNAME                                NEXT     *   ,  O(") CHARACTER            
                                                      O(")
LNAME                                NEXT     *   ,  O(") CHARACTER            
                                                      O(")
STREETNO                             NEXT     *   ,  O(") CHARACTER            
                                                      O(")
STREET                               NEXT     *   ,  O(") CHARACTER            
                                                      O(")
CITY                                 NEXT     *   ,  O(") CHARACTER            
                                                      O(")
PROVINCE                             NEXT     *   ,  O(") CHARACTER            
                                                      O(")
PCODE                                NEXT     *   ,  O(") CHARACTER            
                                                      O(")
PRIMARYCUSTID                        NEXT     *   ,  O(") CHARACTER            
                                                      O(")


Table CUSTOMER:
  2 Rows successfully loaded.
  0 Rows not loaded due to data errors.
  0 Rows not loaded because all WHEN clauses were failed.
  0 Rows not loaded because all fields were null.


Space allocated for bind array:                 580500 bytes(250 rows)
Read   buffer bytes: 1048576

Total logical records skipped:          0
Total logical records read:             2
Total logical records rejected:         0
Total logical records discarded:        0

Run began on Sun Oct 27 19:32:25 2019
Run ended on Sun Oct 27 19:32:26 2019

Elapsed time was:     00:00:01.36
CPU time was:         00:00:00.16
