
SQL*Loader: Release 11.2.0.1.0 - Production on Thu Nov 21 17:41:17 2019

Copyright (c) 1982, 2009, Oracle and/or its affiliates.  All rights reserved.

Control File:   BookAuthor.ctl
Data File:      BookAuthor.csv
  Bad File:     BookAuthor.bad
  Discard File:  none specified
 
 (Allow all discards)

Number to load: ALL
Number to skip: 0
Errors allowed: 50
Bind array:     64 rows, maximum of 256000 bytes
Continuation:    none specified
Path used:      Conventional

Table BOOKAUTHOR, loaded from every logical record.
Insert option in effect for this table: APPEND

   Column Name                  Position   Len  Term Encl Datatype
------------------------------ ---------- ----- ---- ---- ---------------------
CONTRIBUTORID                       FIRST     *   ,  O(') CHARACTER            
BOOKID                               NEXT     *   ,  O(') CHARACTER            


Table BOOKAUTHOR:
  13 Rows successfully loaded.
  0 Rows not loaded due to data errors.
  0 Rows not loaded because all WHEN clauses were failed.
  0 Rows not loaded because all fields were null.


Space allocated for bind array:                  33024 bytes(64 rows)
Read   buffer bytes: 1048576

Total logical records skipped:          0
Total logical records read:            13
Total logical records rejected:         0
Total logical records discarded:        0

Run began on Thu Nov 21 17:41:17 2019
Run ended on Thu Nov 21 17:41:17 2019

Elapsed time was:     00:00:00.54
CPU time was:         00:00:00.03
