
SQL*Loader: Release 11.2.0.1.0 - Production on Thu Nov 21 17:41:17 2019

Copyright (c) 1982, 2009, Oracle and/or its affiliates.  All rights reserved.

Control File:   RentalAgreement.ctl
Data File:      RentalAgreement.csv
  Bad File:     RentalAgreement.bad
  Discard File:  none specified
 
 (Allow all discards)

Number to load: ALL
Number to skip: 0
Errors allowed: 50
Bind array:     64 rows, maximum of 256000 bytes
Continuation:    none specified
Path used:      Conventional

Table RENTALAGREEMENT, loaded from every logical record.
Insert option in effect for this table: APPEND

   Column Name                  Position   Len  Term Encl Datatype
------------------------------ ---------- ----- ---- ---- ---------------------
AGREEMENTID                         FIRST     *   ,  O(') CHARACTER            
CUSTID                               NEXT     *   ,  O(') CHARACTER            
AGREEMENTDATE                        NEXT     *   ,  O(') DATE YYYY-MM-DD      
ITEMCOUNT                            NEXT     *   ,  O(') CHARACTER            
DURATIONID                           NEXT     *   ,  O(') CHARACTER            
RENTALTYPE                           NEXT     *   ,  O(') CHARACTER            


Table RENTALAGREEMENT:
  15 Rows successfully loaded.
  0 Rows not loaded due to data errors.
  0 Rows not loaded because all WHEN clauses were failed.
  0 Rows not loaded because all fields were null.


Space allocated for bind array:                  99072 bytes(64 rows)
Read   buffer bytes: 1048576

Total logical records skipped:          0
Total logical records read:            15
Total logical records rejected:         0
Total logical records discarded:        0

Run began on Thu Nov 21 17:41:17 2019
Run ended on Thu Nov 21 17:41:18 2019

Elapsed time was:     00:00:00.44
CPU time was:         00:00:00.08
